Configuring TPFinalALP-0.1.0.0...
Preprocessing library TPFinalALP-0.1.0.0...
[1 of 3] Compiling Threshold        ( src/Threshold.hs, .stack-work/dist/x86_64-osx/Cabal-1.24.2.0/build/Threshold.o )
[2 of 3] Compiling Lib              ( src/Lib.hs, .stack-work/dist/x86_64-osx/Cabal-1.24.2.0/build/Lib.o )
[3 of 3] Compiling BlurImage        ( src/BlurImage.hs, .stack-work/dist/x86_64-osx/Cabal-1.24.2.0/build/BlurImage.o )
Preprocessing executable 'TPFinalALP-exe' for TPFinalALP-0.1.0.0...
[1 of 1] Compiling Main             ( app/Main.hs, .stack-work/dist/x86_64-osx/Cabal-1.24.2.0/build/TPFinalALP-exe/TPFinalALP-exe-tmp/Main.o )

app/Main.hs:10:1: error:
    Failed to load interface for ‘Control.Monad.Primitive’
    It is a member of the hidden package ‘primitive-0.6.2.0’.
    Perhaps you need to add ‘primitive’ to the build-depends in your .cabal file.
    Use -v to see a list of the files searched for.

app/Main.hs:11:1: error:
    Failed to load interface for ‘OpenCV.Internal.Core.Types.Mat’
    It is a member of the hidden package ‘opencv-0.0.2.0’.
    Perhaps you need to add ‘opencv’ to the build-depends in your .cabal file.
    Use -v to see a list of the files searched for.

app/Main.hs:12:1: error:
    Failed to load interface for ‘OpenCV’
    It is a member of the hidden package ‘opencv-0.0.2.0’.
    Perhaps you need to add ‘opencv’ to the build-depends in your .cabal file.
    Use -v to see a list of the files searched for.

app/Main.hs:13:1: error:
    Failed to load interface for ‘Data.ByteString’
    It is a member of the hidden package ‘bytestring-0.10.8.1’.
    Perhaps you need to add ‘bytestring’ to the build-depends in your .cabal file.
    Use -v to see a list of the files searched for.

app/Main.hs:17:1: error:
    Failed to load interface for ‘OpenCV.Internal.Mutable’
    It is a member of the hidden package ‘opencv-0.0.2.0’.
    Perhaps you need to add ‘opencv’ to the build-depends in your .cabal file.
    Use -v to see a list of the files searched for.

app/Main.hs:18:1: error:
    Failed to load interface for ‘Data.Vector’
    It is a member of the hidden package ‘vector-0.12.0.1’.
    Perhaps you need to add ‘vector’ to the build-depends in your .cabal file.
    Use -v to see a list of the files searched for.

app/Main.hs:19:1: error:
    Failed to load interface for ‘Linear.V4’
    It is a member of the hidden package ‘linear-1.20.7’.
    Perhaps you need to add ‘linear’ to the build-depends in your .cabal file.
    Use -v to see a list of the files searched for.

app/Main.hs:20:1: error:
    Failed to load interface for ‘Linear.V2’
    It is a member of the hidden package ‘linear-1.20.7’.
    Perhaps you need to add ‘linear’ to the build-depends in your .cabal file.
    Use -v to see a list of the files searched for.
